String must not be empty
String must not be empty
String must not be empty
String must not be empty
String must not be empty
String must not be empty
String must not be empty
String must not be empty
String must not be empty
connect timed out
Index: 0, Size: 0
Index: 0, Size: 0
Index: 0, Size: 0
Index: 0, Size: 0
Index: 0, Size: 0
Index: 0, Size: 0
Index: 0, Size: 0
Index: 0, Size: 0
Index: 0, Size: 0
Index: 0, Size: 0
Index: 0, Size: 0
Index: 0, Size: 0
Index: 0, Size: 0
Index: 0, Size: 0
Index: 0, Size: 0
Index: 0, Size: 0
Index: 0, Size: 0
Index: 0, Size: 0
Index: 0, Size: 0
Index: 0, Size: 0
Index: 0, Size: 0
Index: 0, Size: 0
Index: 0, Size: 0
Index: 0, Size: 0
Index: 0, Size: 0
Index: 0, Size: 0
Index: 0, Size: 0
Index: 0, Size: 0
Index: 0, Size: 0
Index: 0, Size: 0
Index: 0, Size: 0
Index: 0, Size: 0
Index: 0, Size: 0
Index: 0, Size: 0
Index: 0, Size: 0
Index: 0, Size: 0
Index: 0, Size: 0
Index: 0, Size: 0
Index: 0, Size: 0
Index: 0, Size: 0
Index: 0, Size: 0
Index: 0, Size: 0
Index: 0, Size: 0
Index: 0, Size: 0
Index: 0, Size: 0
Index: 0, Size: 0
Index: 0, Size: 0
Index: 0, Size: 0
Index: 0, Size: 0
Index: 0, Size: 0
Index: 0, Size: 0
Index: 0, Size: 0
Index: 0, Size: 0
Index: 0, Size: 0
Index: 0, Size: 0
Index: 0, Size: 0
Index: 0, Size: 0
Index: 0, Size: 0
Index: 0, Size: 0
Index: 0, Size: 0
Index: 0, Size: 0
Index: 0, Size: 0
Index: 0, Size: 0
Index: 0, Size: 0
Index: 0, Size: 0
Index: 0, Size: 0
Index: 0, Size: 0
Index: 0, Size: 0
Index: 0, Size: 0
Index: 0, Size: 0
Index: 0, Size: 0
Index: 0, Size: 0
Index: 0, Size: 0
Index: 0, Size: 0
Index: 0, Size: 0
Index: 0, Size: 0
Index: 0, Size: 0
Index: 0, Size: 0
Index: 0, Size: 0
Index: 0, Size: 0
Index: 0, Size: 0
Index: 0, Size: 0
Index: 0, Size: 0
Index: 0, Size: 0
Index: 0, Size: 0
Index: 0, Size: 0
Index: 0, Size: 0
Index: 0, Size: 0
Index: 0, Size: 0
Index: 0, Size: 0
Index: 0, Size: 0
Index: 0, Size: 0
Index: 0, Size: 0
Index: 0, Size: 0
Index: 0, Size: 0
Index: 0, Size: 0
Index: 0, Size: 0
Index: 0, Size: 0
Index: 0, Size: 0
Index: 0, Size: 0
Index: 0, Size: 0
Index: 0, Size: 0
Index: 0, Size: 0
Index: 0, Size: 0
Index: 0, Size: 0
Index: 0, Size: 0
Index: 0, Size: 0
Index: 0, Size: 0
Index: 0, Size: 0
Index: 0, Size: 0
Index: 0, Size: 0
Index: 0, Size: 0
Index: 0, Size: 0
Index: 0, Size: 0
Index: 0, Size: 0
Index: 0, Size: 0
Index: 0, Size: 0
Index: 0, Size: 0
Index: 0, Size: 0
Index: 0, Size: 0
Index: 0, Size: 0
Index: 0, Size: 0
Index: 0, Size: 0
Index: 0, Size: 0
Index: 0, Size: 0
Index: 0, Size: 0
Read timed out
connect timed out
connect timed out
connect timed out
connect timed out
connect timed out
connect timed out
connect timed out
connect timed out
connect timed out
connect timed out
Index: 0, Size: 0
Index: 0, Size: 0
Index: 0, Size: 0
Index: 0, Size: 0
Index: 0, Size: 0
Index: 0, Size: 0
Index: 0, Size: 0
Index: 0, Size: 0
Index: 0, Size: 0
Index: 0, Size: 0
Index: 0, Size: 0
Index: 0, Size: 0
Index: 0, Size: 0
Index: 0, Size: 0
Index: 0, Size: 0
Index: 0, Size: 0
Index: 0, Size: 0
Index: 0, Size: 0
Index: 0, Size: 0
Index: 0, Size: 0
Index: 0, Size: 0
Index: 0, Size: 0
Index: 0, Size: 0
Index: 0, Size: 0
Index: 0, Size: 0
Index: 0, Size: 0
Index: 0, Size: 0
Index: 0, Size: 0
Index: 0, Size: 0
Index: 0, Size: 0
Index: 0, Size: 0
Index: 0, Size: 0
Index: 0, Size: 0
Index: 0, Size: 0
Index: 0, Size: 0
Index: 0, Size: 0
Index: 0, Size: 0
HTTP error fetching URL
Index: 0, Size: 0
Index: 0, Size: 0
Index: 0, Size: 0
Index: 0, Size: 0
Index: 0, Size: 0
Index: 0, Size: 0
Index: 0, Size: 0
Index: 0, Size: 0
Index: 0, Size: 0
Index: 0, Size: 0
Index: 0, Size: 0
Index: 0, Size: 0
Index: 0, Size: 0
Index: 0, Size: 0
Index: 0, Size: 0
Index: 0, Size: 0
Index: 0, Size: 0
Index: 0, Size: 0
Index: 0, Size: 0
Index: 0, Size: 0
Index: 0, Size: 0
Index: 0, Size: 0
